#
# There is insufficient memory for the Java Runtime Environment to continue.
# Native memory allocation (malloc) failed to allocate 2097152 bytes for AllocateHeap
# Possible reasons:
#   The system is out of physical RAM or swap space
#   The process is running with CompressedOops enabled, and the Java Heap may be blocking the growth of the native heap
# Possible solutions:
#   Reduce memory load on the system
#   Increase physical memory or swap space
#   Check if swap backing store is full
#   Decrease Java heap size (-Xmx/-Xms)
#   Decrease number of Java threads
#   Decrease Java thread stack sizes (-Xss)
#   Set larger code cache with -XX:ReservedCodeCacheSize=
#   JVM is running with Unscaled Compressed Oops mode in which the Java heap is
#     placed in the first 4GB address space. The Java Heap base address is the
#     maximum limit for the native heap growth. Please use -XX:HeapBaseMinAddress
#     to set the Java Heap base and to place the Java Heap above 4GB virtual address.
# This output file may be truncated or incomplete.
#
#  Out of Memory Error (allocation.cpp:44), pid=7500, tid=1656
#
# JRE version: OpenJDK Runtime Environment Temurin-17.0.8.1+1 (17.0.8.1+1) (build 17.0.8.1+1)
# Java VM: OpenJDK 64-Bit Server VM Temurin-17.0.8.1+1 (17.0.8.1+1, mixed mode, emulated-client, tiered, compressed oops, compressed class ptrs, g1 gc, windows-amd64)
# No core dump will be written. Minidumps are not enabled by default on client versions of Windows
#

---------------  S U M M A R Y ------------

Command Line: -XX:+HeapDumpOnOutOfMemoryError -Xmx1024m -Dsts.lsp.client=vscode -Dsts.log.file=/dev/null -XX:TieredStopAtLevel=1 -Xlog:jni+resolve=off -Dspring.config.location=file:c:\Users\Usuario\.vscode\extensions\vmware.vscode-spring-boot-1.49.0\language-server\BOOT-INF\classes\application.properties org.springframework.ide.vscode.boot.app.BootLanguageServerBootApp

Host: Intel(R) Core(TM) i7-8565U CPU @ 1.80GHz, 8 cores, 7G,  Windows 11 , 64 bit Build 22621 (10.0.22621.2428)
Time: Sat Oct 21 09:28:41 2023 Hora estándar de Argentina elapsed time: 4077.167574 seconds (0d 1h 7m 57s)

---------------  T H R E A D  ---------------

Current thread (0x000001d26ab69870):  VMThread "VM Thread" [stack: 0x000000c331200000,0x000000c331300000] [id=1656]

Stack: [0x000000c331200000,0x000000c331300000]
Native frames: (J=compiled Java code, j=interpreted, Vv=VM code, C=native code)
V  [jvm.dll+0x678b0a]
V  [jvm.dll+0x835e84]
V  [jvm.dll+0x83762e]
V  [jvm.dll+0x837c93]
V  [jvm.dll+0x24746f]
V  [jvm.dll+0xa697b]
V  [jvm.dll+0x2f7f41]
V  [jvm.dll+0x2f3b80]
V  [jvm.dll+0x2dc1c7]
V  [jvm.dll+0x31f227]
V  [jvm.dll+0x83c15b]
V  [jvm.dll+0x83ce94]
V  [jvm.dll+0x83d3ac]
V  [jvm.dll+0x83d784]
V  [jvm.dll+0x83d850]
V  [jvm.dll+0x7e64ca]
V  [jvm.dll+0x677955]
C  [ucrtbase.dll+0x29363]
C  [KERNEL32.DLL+0x1257d]
C  [ntdll.dll+0x5aa78]

VM_Operation (0x000000c332afef00): G1CollectFull, mode: safepoint, requested by thread 0x000001d270600060


---------------  P R O C E S S  ---------------

Threads class SMR info:
_java_thread_list=0x000001d270738290, length=26, elements={
0x000001d26ab81380, 0x000001d26ab82110, 0x000001d26f01a010, 0x000001d26f01c8f0,
0x000001d26f01d1c0, 0x000001d26f01da90, 0x000001d26f01e360, 0x000001d26abab5d0,
0x000001d26f21ee50, 0x000001d26f21bd20, 0x000001d26ff1e810, 0x000001d270600060,
0x000001d270600540, 0x000001d25fd69320, 0x000001d270284370, 0x000001d27077f020,
0x000001d27077f500, 0x000001d2707a3860, 0x000001d2707a2420, 0x000001d2707a1a00,
0x000001d2707a1f10, 0x000001d2707a4ca0, 0x000001d2707a2930, 0x000001d2707a4280,
0x000001d2707a3350, 0x000001d2707a3d70
}

Java Threads: ( => current thread )
  0x000001d26ab81380 JavaThread "Reference Handler" daemon [_thread_blocked, id=20584, stack(0x000000c331300000,0x000000c331400000)]
  0x000001d26ab82110 JavaThread "Finalizer" daemon [_thread_blocked, id=21596, stack(0x000000c331400000,0x000000c331500000)]
  0x000001d26f01a010 JavaThread "Signal Dispatcher" daemon [_thread_blocked, id=5760, stack(0x000000c331500000,0x000000c331600000)]
  0x000001d26f01c8f0 JavaThread "Attach Listener" daemon [_thread_blocked, id=15188, stack(0x000000c331600000,0x000000c331700000)]
  0x000001d26f01d1c0 JavaThread "Service Thread" daemon [_thread_blocked, id=21968, stack(0x000000c331700000,0x000000c331800000)]
  0x000001d26f01da90 JavaThread "Monitor Deflation Thread" daemon [_thread_blocked, id=7256, stack(0x000000c331800000,0x000000c331900000)]
  0x000001d26f01e360 JavaThread "C1 CompilerThread0" daemon [_thread_blocked, id=4700, stack(0x000000c331900000,0x000000c331a00000)]
  0x000001d26abab5d0 JavaThread "Sweeper thread" daemon [_thread_blocked, id=19844, stack(0x000000c331a00000,0x000000c331b00000)]
  0x000001d26f21ee50 JavaThread "Notification Thread" daemon [_thread_blocked, id=22500, stack(0x000000c331d00000,0x000000c331e00000)]
  0x000001d26f21bd20 JavaThread "Common-Cleaner" daemon [_thread_blocked, id=3352, stack(0x000000c331f00000,0x000000c332000000)]
  0x000001d26ff1e810 JavaThread "boundedElastic-evictor-1" daemon [_thread_blocked, id=9448, stack(0x000000c332700000,0x000000c332800000)]
  0x000001d270600060 JavaThread "pool-11-thread-1" [_thread_blocked, id=18268, stack(0x000000c332a00000,0x000000c332b00000)]
  0x000001d270600540 JavaThread "LanguageServerApp-lifecycle" [_thread_blocked, id=21956, stack(0x000000c332b00000,0x000000c332c00000)]
  0x000001d25fd69320 JavaThread "DestroyJavaVM" [_thread_blocked, id=19624, stack(0x000000c330c00000,0x000000c330d00000)]
  0x000001d270284370 JavaThread "pool-12-thread-1" [_thread_in_native, id=11188, stack(0x000000c332c00000,0x000000c332d00000)]
  0x000001d27077f020 JavaThread "Simple-Language-Server main thread" daemon [_thread_blocked, id=15840, stack(0x000000c332d00000,0x000000c332e00000)]
  0x000001d27077f500 JavaThread "pool-7-thread-1" [_thread_blocked, id=18360, stack(0x000000c332e00000,0x000000c332f00000)]
  0x000001d2707a3860 JavaThread "parallel-1" daemon [_thread_blocked, id=8432, stack(0x000000c332f00000,0x000000c333000000)]
  0x000001d2707a2420 JavaThread "parallel-2" daemon [_thread_blocked, id=21472, stack(0x000000c333000000,0x000000c333100000)]
  0x000001d2707a1a00 JavaThread "parallel-3" daemon [_thread_blocked, id=10676, stack(0x000000c333100000,0x000000c333200000)]
  0x000001d2707a1f10 JavaThread "parallel-4" daemon [_thread_blocked, id=21848, stack(0x000000c333200000,0x000000c333300000)]
  0x000001d2707a4ca0 JavaThread "parallel-5" daemon [_thread_blocked, id=21852, stack(0x000000c333300000,0x000000c333400000)]
  0x000001d2707a2930 JavaThread "parallel-6" daemon [_thread_blocked, id=21964, stack(0x000000c333400000,0x000000c333500000)]
  0x000001d2707a4280 JavaThread "parallel-7" daemon [_thread_blocked, id=11520, stack(0x000000c333500000,0x000000c333600000)]
  0x000001d2707a3350 JavaThread "parallel-8" daemon [_thread_blocked, id=18368, stack(0x000000c333600000,0x000000c333700000)]
  0x000001d2707a3d70 JavaThread "Reconciler-1" daemon [_thread_blocked, id=20512, stack(0x000000c333900000,0x000000c333a00000)]

Other Threads:
=>0x000001d26ab69870 VMThread "VM Thread" [stack: 0x000000c331200000,0x000000c331300000] [id=1656]
  0x000001d26f21f330 WatcherThread [stack: 0x000000c331e00000,0x000000c331f00000] [id=7928]
  0x000001d25fda7120 GCTaskThread "GC Thread#0" [stack: 0x000000c330d00000,0x000000c330e00000] [id=14556]
  0x000001d26fbbbc90 GCTaskThread "GC Thread#1" [stack: 0x000000c332000000,0x000000c332100000] [id=21976]
  0x000001d26fbbbf50 GCTaskThread "GC Thread#2" [stack: 0x000000c332100000,0x000000c332200000] [id=9848]
  0x000001d26fc62fd0 GCTaskThread "GC Thread#3" [stack: 0x000000c332200000,0x000000c332300000] [id=15868]
  0x000001d26fb8b2e0 GCTaskThread "GC Thread#4" [stack: 0x000000c332300000,0x000000c332400000] [id=3208]
  0x000001d26fb8b5a0 GCTaskThread "GC Thread#5" [stack: 0x000000c332400000,0x000000c332500000] [id=3220]
  0x000001d26fb8b860 GCTaskThread "GC Thread#6" [stack: 0x000000c332500000,0x000000c332600000] [id=9592]
  0x000001d26fa4c050 GCTaskThread "GC Thread#7" [stack: 0x000000c332600000,0x000000c332700000] [id=4528]
  0x000001d25fdaff80 ConcurrentGCThread "G1 Main Marker" [stack: 0x000000c330e00000,0x000000c330f00000] [id=8200]
  0x000001d25fdb08a0 ConcurrentGCThread "G1 Conc#0" [stack: 0x000000c330f00000,0x000000c331000000] [id=13544]
  0x000001d27003ad30 ConcurrentGCThread "G1 Conc#1" [stack: 0x000000c332900000,0x000000c332a00000] [id=3060]
  0x000001d25fe054e0 ConcurrentGCThread "G1 Refine#0" [stack: 0x000000c331000000,0x000000c331100000] [id=4808]
  0x000001d26a9e24c0 ConcurrentGCThread "G1 Service" [stack: 0x000000c331100000,0x000000c331200000] [id=21288]

Threads with active compile tasks:

VM state: at safepoint (normal execution)

VM Mutex/Monitor currently owned by a thread:  ([mutex/lock_event])
[0x000001d25dbe5da0] Threads_lock - owner thread: 0x000001d26ab69870
[0x000001d25dbe1900] Heap_lock - owner thread: 0x000001d270600060

Heap address: 0x00000000c0000000, size: 1024 MB, Compressed Oops mode: 32-bit

CDS archive(s) not mapped
Compressed class space mapped at: 0x0000000100000000-0x0000000140000000, reserved size: 1073741824
Narrow klass base: 0x0000000000000000, Narrow klass shift: 3, Narrow klass range: 0x140000000

GC Precious Log:
 CPUs: 8 total, 8 available
 Memory: 8072M
 Large Page Support: Disabled
 NUMA Support: Disabled
 Compressed Oops: Enabled (32-bit)
 Heap Region Size: 1M
 Heap Min Capacity: 8M
 Heap Initial Capacity: 128M
 Heap Max Capacity: 1G
 Pre-touch: Disabled
 Parallel Workers: 8
 Concurrent Workers: 2
 Concurrent Refinement Workers: 8
 Periodic GC: Disabled

Heap:
 garbage-first heap   total 61440K, used 17646K [0x00000000c0000000, 0x0000000100000000)
  region size 1024K, 1 young (1024K), 0 survivors (0K)
 Metaspace       used 38215K, committed 38784K, reserved 1114112K
  class space    used 5046K, committed 5248K, reserved 1048576K

Heap Regions: E=young(eden), S=young(survivor), O=old, HS=humongous(starts), HC=humongous(continues), CS=collection set, F=free, OA=open archive, CA=closed archive, TAMS=top-at-mark-start (previous, next)
|   0|0x00000000c0000000, 0x00000000c0100000, 0x00000000c0100000|100%| O|  |TAMS 0x00000000c0100000, 0x00000000c0000000| Untracked 
|   1|0x00000000c0100000, 0x00000000c0200000, 0x00000000c0200000|100%| O|  |TAMS 0x00000000c0200000, 0x00000000c0100000| Untracked 
|   2|0x00000000c0200000, 0x00000000c0300000, 0x00000000c0300000|100%| O|  |TAMS 0x00000000c0300000, 0x00000000c0200000| Untracked 
|   3|0x00000000c0300000, 0x00000000c03ffdd8, 0x00000000c0400000| 99%| O|  |TAMS 0x00000000c03ffdd8, 0x00000000c0300000| Untracked 
|   4|0x00000000c0400000, 0x00000000c0500000, 0x00000000c0500000|100%| O|  |TAMS 0x00000000c0500000, 0x00000000c0400000| Untracked 
|   5|0x00000000c0500000, 0x00000000c05ffff8, 0x00000000c0600000| 99%| O|  |TAMS 0x00000000c05ffff8, 0x00000000c0500000| Untracked 
|   6|0x00000000c0600000, 0x00000000c06f5900, 0x00000000c0700000| 95%| O|  |TAMS 0x00000000c06f5900, 0x00000000c0600000| Untracked 
|   7|0x00000000c0700000, 0x00000000c07ffff8, 0x00000000c0800000| 99%| O|  |TAMS 0x00000000c07ffff8, 0x00000000c0700000| Untracked 
|   8|0x00000000c0800000, 0x00000000c08fffe8, 0x00000000c0900000| 99%| O|  |TAMS 0x00000000c08fffe8, 0x00000000c0800000| Untracked 
|   9|0x00000000c0900000, 0x00000000c09fffe0, 0x00000000c0a00000| 99%| O|  |TAMS 0x00000000c09fffe0, 0x00000000c0900000| Untracked 
|  10|0x00000000c0a00000, 0x00000000c0affff8, 0x00000000c0b00000| 99%| O|  |TAMS 0x00000000c0affff8, 0x00000000c0a00000| Untracked 
|  11|0x00000000c0b00000, 0x00000000c0bffff0, 0x00000000c0c00000| 99%| O|  |TAMS 0x00000000c0bffff0, 0x00000000c0b00000| Untracked 
|  12|0x00000000c0c00000, 0x00000000c0cf75a0, 0x00000000c0d00000| 96%| O|  |TAMS 0x00000000c0cf75a0, 0x00000000c0c00000| Untracked 
|  13|0x00000000c0d00000, 0x00000000c0dffff0, 0x00000000c0e00000| 99%| O|  |TAMS 0x00000000c0dffff0, 0x00000000c0d00000| Untracked 
|  14|0x00000000c0e00000, 0x00000000c0efffd0, 0x00000000c0f00000| 99%| O|  |TAMS 0x00000000c0efffd0, 0x00000000c0e00000| Untracked 
|  15|0x00000000c0f00000, 0x00000000c0fffff8, 0x00000000c1000000| 99%| O|  |TAMS 0x00000000c0fffff8, 0x00000000c0f00000| Untracked 
|  16|0x00000000c1000000, 0x00000000c10fffe8, 0x00000000c1100000| 99%| O|  |TAMS 0x00000000c10fffe8, 0x00000000c1000000| Untracked 
|  17|0x00000000c1100000, 0x00000000c114ea40, 0x00000000c1200000| 30%| O|  |TAMS 0x00000000c1100000, 0x00000000c1100000| Untracked 
|  18|0x00000000c1200000, 0x00000000c1200268, 0x00000000c1300000|  0%| O|  |TAMS 0x00000000c1200000, 0x00000000c1200000| Untracked 
|  19|0x00000000c1300000, 0x00000000c1300000, 0x00000000c1400000|  0%| F|  |TAMS 0x00000000c1300000, 0x00000000c1300000| Untracked 
|  20|0x00000000c1400000, 0x00000000c1400000, 0x00000000c1500000|  0%| F|  |TAMS 0x00000000c1400000, 0x00000000c1400000| Untracked 
|  21|0x00000000c1500000, 0x00000000c1500000, 0x00000000c1600000|  0%| F|  |TAMS 0x00000000c1500000, 0x00000000c1500000| Untracked 
|  22|0x00000000c1600000, 0x00000000c1600000, 0x00000000c1700000|  0%| F|  |TAMS 0x00000000c1600000, 0x00000000c1600000| Untracked 
|  23|0x00000000c1700000, 0x00000000c1700000, 0x00000000c1800000|  0%| F|  |TAMS 0x00000000c1700000, 0x00000000c1700000| Untracked 
|  24|0x00000000c1800000, 0x00000000c1800000, 0x00000000c1900000|  0%| F|  |TAMS 0x00000000c1800000, 0x00000000c1800000| Untracked 
|  25|0x00000000c1900000, 0x00000000c1900000, 0x00000000c1a00000|  0%| F|  |TAMS 0x00000000c1900000, 0x00000000c1900000| Untracked 
|  26|0x00000000c1a00000, 0x00000000c1a00000, 0x00000000c1b00000|  0%| F|  |TAMS 0x00000000c1a00000, 0x00000000c1a00000| Untracked 
|  27|0x00000000c1b00000, 0x00000000c1b00000, 0x00000000c1c00000|  0%| F|  |TAMS 0x00000000c1b00000, 0x00000000c1b00000| Untracked 
|  28|0x00000000c1c00000, 0x00000000c1c00000, 0x00000000c1d00000|  0%| F|  |TAMS 0x00000000c1c00000, 0x00000000c1c00000| Untracked 
|  29|0x00000000c1d00000, 0x00000000c1d00000, 0x00000000c1e00000|  0%| F|  |TAMS 0x00000000c1d00000, 0x00000000c1d00000| Untracked 
|  30|0x00000000c1e00000, 0x00000000c1e00000, 0x00000000c1f00000|  0%| F|  |TAMS 0x00000000c1e00000, 0x00000000c1e00000| Untracked 
|  31|0x00000000c1f00000, 0x00000000c1f00000, 0x00000000c2000000|  0%| F|  |TAMS 0x00000000c1f00000, 0x00000000c1f00000| Untracked 
|  32|0x00000000c2000000, 0x00000000c2000000, 0x00000000c2100000|  0%| F|  |TAMS 0x00000000c2000000, 0x00000000c2000000| Untracked 
|  33|0x00000000c2100000, 0x00000000c2100000, 0x00000000c2200000|  0%| F|  |TAMS 0x00000000c2100000, 0x00000000c2100000| Untracked 
|  34|0x00000000c2200000, 0x00000000c2200000, 0x00000000c2300000|  0%| F|  |TAMS 0x00000000c2200000, 0x00000000c2200000| Untracked 
|  35|0x00000000c2300000, 0x00000000c2300000, 0x00000000c2400000|  0%| F|  |TAMS 0x00000000c2300000, 0x00000000c2300000| Untracked 
|  36|0x00000000c2400000, 0x00000000c2400000, 0x00000000c2500000|  0%| F|  |TAMS 0x00000000c2400000, 0x00000000c2400000| Untracked 
|  37|0x00000000c2500000, 0x00000000c2500000, 0x00000000c2600000|  0%| F|  |TAMS 0x00000000c2500000, 0x00000000c2500000| Untracked 
|  38|0x00000000c2600000, 0x00000000c2600000, 0x00000000c2700000|  0%| F|  |TAMS 0x00000000c2600000, 0x00000000c2600000| Untracked 
|  39|0x00000000c2700000, 0x00000000c2700000, 0x00000000c2800000|  0%| F|  |TAMS 0x00000000c2700000, 0x00000000c2700000| Untracked 
|  40|0x00000000c2800000, 0x00000000c2800000, 0x00000000c2900000|  0%| F|  |TAMS 0x00000000c2800000, 0x00000000c2800000| Untracked 
|  41|0x00000000c2900000, 0x00000000c2900000, 0x00000000c2a00000|  0%| F|  |TAMS 0x00000000c2900000, 0x00000000c2900000| Untracked 
|  42|0x00000000c2a00000, 0x00000000c2a00000, 0x00000000c2b00000|  0%| F|  |TAMS 0x00000000c2a00000, 0x00000000c2a00000| Untracked 
|  43|0x00000000c2b00000, 0x00000000c2b00000, 0x00000000c2c00000|  0%| F|  |TAMS 0x00000000c2b00000, 0x00000000c2b00000| Untracked 
|  44|0x00000000c2c00000, 0x00000000c2c00000, 0x00000000c2d00000|  0%| F|  |TAMS 0x00000000c2c00000, 0x00000000c2c00000| Untracked 
|  45|0x00000000c2d00000, 0x00000000c2d00000, 0x00000000c2e00000|  0%| F|  |TAMS 0x00000000c2d00000, 0x00000000c2d00000| Untracked 
|  46|0x00000000c2e00000, 0x00000000c2e00000, 0x00000000c2f00000|  0%| F|  |TAMS 0x00000000c2e00000, 0x00000000c2e00000| Untracked 
|  47|0x00000000c2f00000, 0x00000000c2f00000, 0x00000000c3000000|  0%| F|  |TAMS 0x00000000c2f00000, 0x00000000c2f00000| Untracked 
|  48|0x00000000c3000000, 0x00000000c3000000, 0x00000000c3100000|  0%| F|  |TAMS 0x00000000c3000000, 0x00000000c3000000| Untracked 
|  49|0x00000000c3100000, 0x00000000c3100000, 0x00000000c3200000|  0%| F|  |TAMS 0x00000000c3100000, 0x00000000c3100000| Untracked 
|  50|0x00000000c3200000, 0x00000000c3200000, 0x00000000c3300000|  0%| F|  |TAMS 0x00000000c3200000, 0x00000000c3200000| Untracked 
|  51|0x00000000c3300000, 0x00000000c3300000, 0x00000000c3400000|  0%| F|  |TAMS 0x00000000c3300000, 0x00000000c3300000| Untracked 
|  52|0x00000000c3400000, 0x00000000c3400000, 0x00000000c3500000|  0%| F|  |TAMS 0x00000000c3400000, 0x00000000c3400000| Untracked 
|  53|0x00000000c3500000, 0x00000000c3500000, 0x00000000c3600000|  0%| F|  |TAMS 0x00000000c3500000, 0x00000000c3500000| Untracked 
|  54|0x00000000c3600000, 0x00000000c3600000, 0x00000000c3700000|  0%| F|  |TAMS 0x00000000c3600000, 0x00000000c3600000| Untracked 
|  55|0x00000000c3700000, 0x00000000c3700000, 0x00000000c3800000|  0%| F|  |TAMS 0x00000000c3700000, 0x00000000c3700000| Untracked 
|  56|0x00000000c3800000, 0x00000000c3800000, 0x00000000c3900000|  0%| F|  |TAMS 0x00000000c3800000, 0x00000000c3800000| Untracked 
|  57|0x00000000c3900000, 0x00000000c3900000, 0x00000000c3a00000|  0%| F|  |TAMS 0x00000000c3900000, 0x00000000c3900000| Untracked 
|  58|0x00000000c3a00000, 0x00000000c3a00000, 0x00000000c3b00000|  0%| F|  |TAMS 0x00000000c3a00000, 0x00000000c3a00000| Untracked 
|  59|0x00000000c3b00000, 0x00000000c3b0f778, 0x00000000c3c00000|  6%| E|  |TAMS 0x00000000c3b00000, 0x00000000c3b00000| Complete 

Card table byte_map: [0x000001d265ce0000,0x000001d265ee0000] _byte_map_base: 0x000001d2656e0000

Marking Bits (Prev, Next): (CMBitMap*) 0x000001d25fda7650, (CMBitMap*) 0x000001d25fda7690
 Prev Bits: [0x000001d2660e0000, 0x000001d2670e0000)
 Next Bits: [0x000001d2670e0000, 0x000001d2680e0000)

Polling page: 0x000001d25f510000

Metaspace:

Usage:
  Non-class:     32.39 MB used.
      Class:      4.93 MB used.
       Both:     37.32 MB used.

Virtual space:
  Non-class space:       64.00 MB reserved,      32.75 MB ( 51%) committed,  1 nodes.
      Class space:        1.00 GB reserved,       5.12 MB ( <1%) committed,  1 nodes.
             Both:        1.06 GB reserved,      37.88 MB (  3%) committed. 

Chunk freelists:
   Non-Class:  14.74 MB
       Class:  10.95 MB
        Both:  25.69 MB

MaxMetaspaceSize: unlimited
CompressedClassSpaceSize: 1.00 GB
Initial GC threshold: 21.00 MB
Current GC threshold: 63.06 MB
CDS: off
MetaspaceReclaimPolicy: balanced
 - commit_granule_bytes: 65536.
 - commit_granule_words: 8192.
 - virtual_space_node_default_size: 8388608.
 - enlarge_chunks_in_place: 1.
 - new_chunks_are_fully_committed: 0.
 - uncommit_free_chunks: 1.
 - use_allocation_guard: 0.
 - handle_deallocations: 1.


Internal statistics:

num_allocs_failed_limit: 6.
num_arena_births: 474.
num_arena_deaths: 134.
num_vsnodes_births: 2.
num_vsnodes_deaths: 0.
num_space_committed: 606.
num_space_uncommitted: 0.
num_chunks_returned_to_freelist: 156.
num_chunks_taken_from_freelist: 1623.
num_chunk_merges: 47.
num_chunk_splits: 1100.
num_chunks_enlarged: 837.
num_inconsistent_stats: 0.

CodeCache: size=49152Kb used=6896Kb max_used=8338Kb free=42255Kb
 bounds [0x000001d2629d0000, 0x000001d263200000, 0x000001d2659d0000]
 total_blobs=4226 nmethods=3689 adapters=464
 compilation: enabled
              stopped_count=0, restarted_count=0
 full_count=0

Compilation events (20 events):
Event: 2895.870 Thread 0x000001d26f01e360 3682       1       java.lang.ProcessHandleImpl::getInternal (13 bytes)
Event: 2895.870 Thread 0x000001d26f01e360 nmethod 3682 0x000001d262f0ff90 code [0x000001d262f10120, 0x000001d262f10288]
Event: 2895.870 Thread 0x000001d26f01e360 3683       1       java.lang.ProcessImpl$2::<init> (20 bytes)
Event: 2895.871 Thread 0x000001d26f01e360 nmethod 3683 0x000001d262f0fc10 code [0x000001d262f0fda0, 0x000001d262f0ff18]
Event: 2895.871 Thread 0x000001d26f01e360 3684       1       java.lang.ProcessImpl$2::run (5 bytes)
Event: 2895.871 Thread 0x000001d26f01e360 nmethod 3684 0x000001d262f0f910 code [0x000001d262f0faa0, 0x000001d262f0fb88]
Event: 2895.871 Thread 0x000001d26f01e360 3676       1       java.lang.Process::<init> (5 bytes)
Event: 2895.871 Thread 0x000001d26f01e360 nmethod 3676 0x000001d262f0f610 code [0x000001d262f0f7a0, 0x000001d262f0f858]
Event: 2896.059 Thread 0x000001d26f01e360 3685   !   1       java.io.FilterOutputStream::close (183 bytes)
Event: 2896.082 Thread 0x000001d26f01e360 nmethod 3685 0x000001d262f0e490 code [0x000001d262f0e6a0, 0x000001d262f0eb78]
Event: 2896.082 Thread 0x000001d26f01e360 3686   !   1       java.io.FileOutputStream::close (69 bytes)
Event: 2896.084 Thread 0x000001d26f01e360 nmethod 3686 0x000001d262f0de10 code [0x000001d262f0dfe0, 0x000001d262f0e358]
Event: 2896.084 Thread 0x000001d26f01e360 3687       1       java.io.FileOutputStream$1::<init> (10 bytes)
Event: 2896.084 Thread 0x000001d26f01e360 nmethod 3687 0x000001d262f0db10 code [0x000001d262f0dca0, 0x000001d262f0ddb8]
Event: 2896.084 Thread 0x000001d26f01e360 3688       1       java.io.FileOutputStream$1::close (11 bytes)
Event: 2896.084 Thread 0x000001d26f01e360 nmethod 3688 0x000001d262f0d490 code [0x000001d262f0d640, 0x000001d262f0d958]
Event: 2896.084 Thread 0x000001d26f01e360 3690       1       java.lang.ProcessImpl$$Lambda$726/0x00000001003f9700::run (8 bytes)
Event: 2896.084 Thread 0x000001d26f01e360 nmethod 3690 0x000001d262f0d190 code [0x000001d262f0d320, 0x000001d262f0d408]
Event: 2896.084 Thread 0x000001d26f01e360 3691       1       java.lang.ProcessImpl::lambda$new$0 (6 bytes)
Event: 2896.085 Thread 0x000001d26f01e360 nmethod 3691 0x000001d262f0ce90 code [0x000001d262f0d020, 0x000001d262f0d0e8]

GC Heap History (20 events):
Event: 3974.790 GC heap before
{Heap before GC invocations=370 (full 360):
 garbage-first heap   total 61440K, used 17646K [0x00000000c0000000, 0x0000000100000000)
  region size 1024K, 1 young (1024K), 0 survivors (0K)
 Metaspace       used 38215K, committed 38784K, reserved 1114112K
  class space    used 5046K, committed 5248K, reserved 1048576K
}
Event: 3974.809 GC heap after
{Heap after GC invocations=371 (full 361):
 garbage-first heap   total 61440K, used 17646K [0x00000000c0000000, 0x0000000100000000)
  region size 1024K, 0 young (0K), 0 survivors (0K)
 Metaspace       used 38215K, committed 38784K, reserved 1114112K
  class space    used 5046K, committed 5248K, reserved 1048576K
}
Event: 3984.987 GC heap before
{Heap before GC invocations=371 (full 361):
 garbage-first heap   total 61440K, used 17646K [0x00000000c0000000, 0x0000000100000000)
  region size 1024K, 1 young (1024K), 0 survivors (0K)
 Metaspace       used 38215K, committed 38784K, reserved 1114112K
  class space    used 5046K, committed 5248K, reserved 1048576K
}
Event: 3985.007 GC heap after
{Heap after GC invocations=372 (full 362):
 garbage-first heap   total 61440K, used 17646K [0x00000000c0000000, 0x0000000100000000)
  region size 1024K, 0 young (0K), 0 survivors (0K)
 Metaspace       used 38215K, committed 38784K, reserved 1114112K
  class space    used 5046K, committed 5248K, reserved 1048576K
}
Event: 3995.217 GC heap before
{Heap before GC invocations=372 (full 362):
 garbage-first heap   total 61440K, used 17646K [0x00000000c0000000, 0x0000000100000000)
  region size 1024K, 1 young (1024K), 0 survivors (0K)
 Metaspace       used 38215K, committed 38784K, reserved 1114112K
  class space    used 5046K, committed 5248K, reserved 1048576K
}
Event: 3995.240 GC heap after
{Heap after GC invocations=373 (full 363):
 garbage-first heap   total 61440K, used 17646K [0x00000000c0000000, 0x0000000100000000)
  region size 1024K, 0 young (0K), 0 survivors (0K)
 Metaspace       used 38215K, committed 38784K, reserved 1114112K
  class space    used 5046K, committed 5248K, reserved 1048576K
}
Event: 4005.476 GC heap before
{Heap before GC invocations=373 (full 363):
 garbage-first heap   total 61440K, used 17646K [0x00000000c0000000, 0x0000000100000000)
  region size 1024K, 1 young (1024K), 0 survivors (0K)
 Metaspace       used 38215K, committed 38784K, reserved 1114112K
  class space    used 5046K, committed 5248K, reserved 1048576K
}
Event: 4005.497 GC heap after
{Heap after GC invocations=374 (full 364):
 garbage-first heap   total 61440K, used 17646K [0x00000000c0000000, 0x0000000100000000)
  region size 1024K, 0 young (0K), 0 survivors (0K)
 Metaspace       used 38215K, committed 38784K, reserved 1114112K
  class space    used 5046K, committed 5248K, reserved 1048576K
}
Event: 4015.709 GC heap before
{Heap before GC invocations=374 (full 364):
 garbage-first heap   total 61440K, used 17646K [0x00000000c0000000, 0x0000000100000000)
  region size 1024K, 1 young (1024K), 0 survivors (0K)
 Metaspace       used 38215K, committed 38784K, reserved 1114112K
  class space    used 5046K, committed 5248K, reserved 1048576K
}
Event: 4015.735 GC heap after
{Heap after GC invocations=375 (full 365):
 garbage-first heap   total 61440K, used 17646K [0x00000000c0000000, 0x0000000100000000)
  region size 1024K, 0 young (0K), 0 survivors (0K)
 Metaspace       used 38215K, committed 38784K, reserved 1114112K
  class space    used 5046K, committed 5248K, reserved 1048576K
}
Event: 4025.952 GC heap before
{Heap before GC invocations=375 (full 365):
 garbage-first heap   total 61440K, used 17646K [0x00000000c0000000, 0x0000000100000000)
  region size 1024K, 1 young (1024K), 0 survivors (0K)
 Metaspace       used 38215K, committed 38784K, reserved 1114112K
  class space    used 5046K, committed 5248K, reserved 1048576K
}
Event: 4025.973 GC heap after
{Heap after GC invocations=376 (full 366):
 garbage-first heap   total 61440K, used 17646K [0x00000000c0000000, 0x0000000100000000)
  region size 1024K, 0 young (0K), 0 survivors (0K)
 Metaspace       used 38215K, committed 38784K, reserved 1114112K
  class space    used 5046K, committed 5248K, reserved 1048576K
}
Event: 4036.176 GC heap before
{Heap before GC invocations=376 (full 366):
 garbage-first heap   total 61440K, used 17646K [0x00000000c0000000, 0x0000000100000000)
  region size 1024K, 1 young (1024K), 0 survivors (0K)
 Metaspace       used 38215K, committed 38784K, reserved 1114112K
  class space    used 5046K, committed 5248K, reserved 1048576K
}
Event: 4036.196 GC heap after
{Heap after GC invocations=377 (full 367):
 garbage-first heap   total 61440K, used 17646K [0x00000000c0000000, 0x0000000100000000)
  region size 1024K, 0 young (0K), 0 survivors (0K)
 Metaspace       used 38215K, committed 38784K, reserved 1114112K
  class space    used 5046K, committed 5248K, reserved 1048576K
}
Event: 4046.561 GC heap before
{Heap before GC invocations=377 (full 367):
 garbage-first heap   total 61440K, used 17646K [0x00000000c0000000, 0x0000000100000000)
  region size 1024K, 1 young (1024K), 0 survivors (0K)
 Metaspace       used 38215K, committed 38784K, reserved 1114112K
  class space    used 5046K, committed 5248K, reserved 1048576K
}
Event: 4046.580 GC heap after
{Heap after GC invocations=378 (full 368):
 garbage-first heap   total 61440K, used 17646K [0x00000000c0000000, 0x0000000100000000)
  region size 1024K, 0 young (0K), 0 survivors (0K)
 Metaspace       used 38215K, committed 38784K, reserved 1114112K
  class space    used 5046K, committed 5248K, reserved 1048576K
}
Event: 4056.807 GC heap before
{Heap before GC invocations=378 (full 368):
 garbage-first heap   total 61440K, used 17646K [0x00000000c0000000, 0x0000000100000000)
  region size 1024K, 1 young (1024K), 0 survivors (0K)
 Metaspace       used 38215K, committed 38784K, reserved 1114112K
  class space    used 5046K, committed 5248K, reserved 1048576K
}
Event: 4056.831 GC heap after
{Heap after GC invocations=379 (full 369):
 garbage-first heap   total 61440K, used 17646K [0x00000000c0000000, 0x0000000100000000)
  region size 1024K, 0 young (0K), 0 survivors (0K)
 Metaspace       used 38215K, committed 38784K, reserved 1114112K
  class space    used 5046K, committed 5248K, reserved 1048576K
}
Event: 4067.025 GC heap before
{Heap before GC invocations=379 (full 369):
 garbage-first heap   total 61440K, used 17646K [0x00000000c0000000, 0x0000000100000000)
  region size 1024K, 1 young (1024K), 0 survivors (0K)
 Metaspace       used 38215K, committed 38784K, reserved 1114112K
  class space    used 5046K, committed 5248K, reserved 1048576K
}
Event: 4067.050 GC heap after
{Heap after GC invocations=380 (full 370):
 garbage-first heap   total 61440K, used 17646K [0x00000000c0000000, 0x0000000100000000)
  region size 1024K, 0 young (0K), 0 survivors (0K)
 Metaspace       used 38215K, committed 38784K, reserved 1114112K
  class space    used 5046K, committed 5248K, reserved 1048576K
}

Dll operation events (8 events):
Event: 0.034 Loaded shared library c:\Users\Usuario\.vscode\extensions\redhat.java-1.23.0-win32-x64\jre\17.0.8.1-win32-x86_64\bin\java.dll
Event: 1.497 Loaded shared library C:\Users\Usuario\.vscode\extensions\redhat.java-1.23.0-win32-x64\jre\17.0.8.1-win32-x86_64\bin\net.dll
Event: 1.505 Loaded shared library C:\Users\Usuario\.vscode\extensions\redhat.java-1.23.0-win32-x64\jre\17.0.8.1-win32-x86_64\bin\nio.dll
Event: 1.521 Loaded shared library C:\Users\Usuario\.vscode\extensions\redhat.java-1.23.0-win32-x64\jre\17.0.8.1-win32-x86_64\bin\zip.dll
Event: 2.215 Loaded shared library C:\Users\Usuario\.vscode\extensions\redhat.java-1.23.0-win32-x64\jre\17.0.8.1-win32-x86_64\bin\jimage.dll
Event: 12.448 Loaded shared library c:\Users\Usuario\.vscode\extensions\redhat.java-1.23.0-win32-x64\jre\17.0.8.1-win32-x86_64\bin\verify.dll
Event: 13.174 Loaded shared library C:\Users\Usuario\.vscode\extensions\redhat.java-1.23.0-win32-x64\jre\17.0.8.1-win32-x86_64\bin\management.dll
Event: 13.179 Loaded shared library C:\Users\Usuario\.vscode\extensions\redhat.java-1.23.0-win32-x64\jre\17.0.8.1-win32-x86_64\bin\management_ext.dll

Deoptimization events (8 events):
Event: 8.935 Thread 0x000001d25fd69320 DEOPT PACKING pc=0x000001d262fd7519 sp=0x000000c330cfd710
Event: 8.935 Thread 0x000001d25fd69320 DEOPT UNPACKING pc=0x000001d262a27143 sp=0x000000c330cfcbf0 mode 3
Event: 13.692 Thread 0x000001d27077f020 DEOPT PACKING pc=0x000001d2631e42b5 sp=0x000000c332dfd6b0
Event: 13.692 Thread 0x000001d27077f020 DEOPT UNPACKING pc=0x000001d262a27143 sp=0x000000c332dfcbd8 mode 3
Event: 13.755 Thread 0x000001d270284370 DEOPT PACKING pc=0x000001d262f7dc81 sp=0x000000c332cfda40
Event: 13.755 Thread 0x000001d270284370 DEOPT UNPACKING pc=0x000001d262a27143 sp=0x000000c332cfced0 mode 3
Event: 13.774 Thread 0x000001d27077f500 DEOPT PACKING pc=0x000001d262f5cf97 sp=0x000000c332eff0d0
Event: 13.775 Thread 0x000001d27077f500 DEOPT UNPACKING pc=0x000001d262a27143 sp=0x000000c332efe528 mode 3

Classes unloaded (20 events):
Event: 75.226 Thread 0x000001d26ab69870 Unloading class 0x0000000100398000 'java/lang/invoke/LambdaForm$DMH+0x0000000100398000'
Event: 75.226 Thread 0x000001d26ab69870 Unloading class 0x0000000100225c00 'java/lang/invoke/LambdaForm$MH+0x0000000100225c00'
Event: 75.226 Thread 0x000001d26ab69870 Unloading class 0x0000000100092000 'java/lang/invoke/LambdaForm$MH+0x0000000100092000'
Event: 75.226 Thread 0x000001d26ab69870 Unloading class 0x0000000100091c00 'java/lang/invoke/LambdaForm$MH+0x0000000100091c00'
Event: 75.226 Thread 0x000001d26ab69870 Unloading class 0x0000000100091800 'java/lang/invoke/LambdaForm$MH+0x0000000100091800'
Event: 75.226 Thread 0x000001d26ab69870 Unloading class 0x0000000100091400 'java/lang/invoke/LambdaForm$MH+0x0000000100091400'
Event: 75.226 Thread 0x000001d26ab69870 Unloading class 0x0000000100091000 'java/lang/invoke/LambdaForm$MH+0x0000000100091000'
Event: 75.226 Thread 0x000001d26ab69870 Unloading class 0x0000000100090c00 'java/lang/invoke/LambdaForm$MH+0x0000000100090c00'
Event: 75.226 Thread 0x000001d26ab69870 Unloading class 0x0000000100090800 'java/lang/invoke/LambdaForm$MH+0x0000000100090800'
Event: 75.226 Thread 0x000001d26ab69870 Unloading class 0x0000000100090400 'java/lang/invoke/LambdaForm$MH+0x0000000100090400'
Event: 75.226 Thread 0x000001d26ab69870 Unloading class 0x000000010008b800 'java/lang/invoke/LambdaForm$MH+0x000000010008b800'
Event: 75.226 Thread 0x000001d26ab69870 Unloading class 0x000000010008b400 'java/lang/invoke/LambdaForm$MH+0x000000010008b400'
Event: 75.226 Thread 0x000001d26ab69870 Unloading class 0x000000010008b000 'java/lang/invoke/LambdaForm$MH+0x000000010008b000'
Event: 75.226 Thread 0x000001d26ab69870 Unloading class 0x000000010008ac00 'java/lang/invoke/LambdaForm$MH+0x000000010008ac00'
Event: 75.226 Thread 0x000001d26ab69870 Unloading class 0x000000010008a800 'java/lang/invoke/LambdaForm$MH+0x000000010008a800'
Event: 75.226 Thread 0x000001d26ab69870 Unloading class 0x000000010008a400 'java/lang/invoke/LambdaForm$MH+0x000000010008a400'
Event: 75.226 Thread 0x000001d26ab69870 Unloading class 0x0000000100089c00 'java/lang/invoke/LambdaForm$MH+0x0000000100089c00'
Event: 75.226 Thread 0x000001d26ab69870 Unloading class 0x0000000100089400 'java/lang/invoke/LambdaForm$MH+0x0000000100089400'
Event: 75.226 Thread 0x000001d26ab69870 Unloading class 0x0000000100088c00 'java/lang/invoke/LambdaForm$MH+0x0000000100088c00'
Event: 75.226 Thread 0x000001d26ab69870 Unloading class 0x0000000100088400 'java/lang/invoke/LambdaForm$MH+0x0000000100088400'

Classes redefined (0 events):
No events

Internal exceptions (20 events):
Event: 11.352 Thread 0x000001d25fd69320 Exception <a 'java/lang/NoSuchMethodError'{0x00000000c62cf578}: 'java.lang.Object java.lang.invoke.DelegatingMethodHandle$Holder.delegate(java.lang.Object, int, java.lang.Object, java.lang.Object)'> (0x00000000c62cf578) 
thrown [s\src\hotspot\share\interpreter\linkResolver.cpp, line 759]
Event: 11.355 Thread 0x000001d25fd69320 Exception <a 'java/lang/NoSuchMethodError'{0x00000000c62e0400}: 'int java.lang.invoke.Invokers$Holder.linkToTargetMethod(java.lang.Object, java.lang.Object, java.lang.Object)'> (0x00000000c62e0400) 
thrown [s\src\hotspot\share\interpreter\linkResolver.cpp, line 759]
Event: 11.489 Thread 0x000001d25fd69320 Exception <a 'java/lang/NoSuchMethodError'{0x00000000c5f68048}: 'void java.lang.invoke.DirectMethodHandle$Holder.invokeSpecial(java.lang.Object, java.lang.Object, java.lang.Object, java.lang.Object, java.lang.Object, java.lang.Object)'> (0x00000000c5f68048) 
thrown [s\src\hotspot\share\interpreter\linkResolver.cpp, line 759]
Event: 11.594 Thread 0x000001d25fd69320 Exception <a 'java/lang/NoSuchMethodError'{0x00000000c3b1d0d0}: 'java.lang.Object java.lang.invoke.DirectMethodHandle$Holder.invokeStaticInit(java.lang.Object, int, int, int, int)'> (0x00000000c3b1d0d0) 
thrown [s\src\hotspot\share\interpreter\linkResolver.cpp, line 759]
Event: 11.729 Thread 0x000001d25fd69320 Exception <a 'java/lang/NoSuchMethodError'{0x00000000c3a07bd8}: 'java.lang.Object java.lang.invoke.DirectMethodHandle$Holder.invokeStaticInit(java.lang.Object, java.lang.Object, int, int, int, int)'> (0x00000000c3a07bd8) 
thrown [s\src\hotspot\share\interpreter\linkResolver.cpp, line 759]
Event: 12.059 Thread 0x000001d25fd69320 Exception <a 'java/lang/NoSuchMethodError'{0x00000000c3390610}: 'void java.lang.invoke.DirectMethodHandle$Holder.invokeSpecialIFC(java.lang.Object, java.lang.Object, java.lang.Object)'> (0x00000000c3390610) 
thrown [s\src\hotspot\share\interpreter\linkResolver.cpp, line 759]
Event: 12.735 Thread 0x000001d25fd69320 Exception <a 'java/lang/NoSuchMethodError'{0x00000000c5fc0908}: 'void java.lang.invoke.DirectMethodHandle$Holder.invokeSpecial(java.lang.Object, java.lang.Object, java.lang.Object, java.lang.Object, java.lang.Object, java.lang.Object, java.lang.Object)'> (0x00000000c5fc0908) 
thrown [s\src\hotspot\share\interpreter\linkResolver.cpp, line 759]
Event: 12.736 Thread 0x000001d25fd69320 Exception <a 'java/lang/NoSuchMethodError'{0x00000000c5fcb128}: 'java.lang.Object java.lang.invoke.DirectMethodHandle$Holder.newInvokeSpecial(java.lang.Object, java.lang.Object, java.lang.Object, java.lang.Object, java.lang.Object, java.lang.Object)'> (0x00000000c5fcb128) 
thrown [s\src\hotspot\share\interpreter\linkResolver.cpp, line 759]
Event: 12.929 Thread 0x000001d25fd69320 Exception <a 'java/lang/NoSuchMethodError'{0x00000000c39b1558}: 'java.lang.Object java.lang.invoke.DirectMethodHandle$Holder.invokeInterface(java.lang.Object, java.lang.Object, int)'> (0x00000000c39b1558) 
thrown [s\src\hotspot\share\interpreter\linkResolver.cpp, line 759]
Event: 12.931 Thread 0x000001d25fd69320 Exception <a 'java/lang/IncompatibleClassChangeError'{0x00000000c39c4630}: Found class java.lang.Object, but interface was expected> (0x00000000c39c4630) 
thrown [s\src\hotspot\share\interpreter\linkResolver.cpp, line 826]
Event: 13.155 Thread 0x000001d25fd69320 Exception <a 'java/lang/NoSuchMethodError'{0x00000000c34aab80}: 'java.lang.Object java.lang.invoke.DirectMethodHandle$Holder.newInvokeSpecial(java.lang.Object, java.lang.Object, int, java.lang.Object, java.lang.Object)'> (0x00000000c34aab80) 
thrown [s\src\hotspot\share\interpreter\linkResolver.cpp, line 759]
Event: 13.157 Thread 0x000001d25fd69320 Exception <a 'java/lang/NoSuchMethodError'{0x00000000c34bcee8}: 'java.lang.Object java.lang.invoke.DirectMethodHandle$Holder.invokeSpecial(java.lang.Object, java.lang.Object, int, java.lang.Object, int, java.lang.Object)'> (0x00000000c34bcee8) 
thrown [s\src\hotspot\share\interpreter\linkResolver.cpp, line 759]
Event: 13.157 Thread 0x000001d25fd69320 Exception <a 'java/lang/NoSuchMethodError'{0x00000000c34c4cf0}: 'java.lang.Object java.lang.invoke.DirectMethodHandle$Holder.newInvokeSpecial(java.lang.Object, java.lang.Object, int, java.lang.Object, int)'> (0x00000000c34c4cf0) 
thrown [s\src\hotspot\share\interpreter\linkResolver.cpp, line 759]
Event: 13.158 Thread 0x000001d25fd69320 Exception <a 'java/lang/NoSuchMethodError'{0x00000000c34c8df0}: 'java.lang.Object java.lang.invoke.DirectMethodHandle$Holder.invokeSpecial(java.lang.Object, java.lang.Object, java.lang.Object, int, java.lang.Object, int)'> (0x00000000c34c8df0) 
thrown [s\src\hotspot\share\interpreter\linkResolver.cpp, line 759]
Event: 13.683 Thread 0x000001d270284370 Exception <a 'java/lang/NoSuchMethodError'{0x00000000c387e520}: 'java.lang.Object java.lang.invoke.DirectMethodHandle$Holder.invokeStatic(java.lang.Object, java.lang.Object, java.lang.Object, int, java.lang.Object, java.lang.Object)'> (0x00000000c387e520) 
thrown [s\src\hotspot\share\interpreter\linkResolver.cpp, line 759]
Event: 13.685 Thread 0x000001d27077f020 Exception <a 'java/lang/NoSuchMethodError'{0x00000000c388a2e8}: 'java.lang.Object java.lang.invoke.DirectMethodHandle$Holder.invokeStatic(java.lang.Object, int, java.lang.Object)'> (0x00000000c388a2e8) 
thrown [s\src\hotspot\share\interpreter\linkResolver.cpp, line 759]
Event: 14.386 Thread 0x000001d2707a3d70 Exception <a 'java/lang/NoSuchMethodError'{0x00000000c2fcfb18}: 'int java.lang.invoke.DirectMethodHandle$Holder.invokeStatic(java.lang.Object)'> (0x00000000c2fcfb18) 
thrown [s\src\hotspot\share\interpreter\linkResolver.cpp, line 759]
Event: 14.386 Thread 0x000001d2707a3d70 Exception <a 'java/lang/NoSuchMethodError'{0x00000000c2fd2f18}: 'int java.lang.invoke.DirectMethodHandle$Holder.invokeStaticInit(java.lang.Object)'> (0x00000000c2fd2f18) 
thrown [s\src\hotspot\share\interpreter\linkResolver.cpp, line 759]
Event: 53.261 Thread 0x000001d270600060 Exception <a 'java/lang/NoSuchMethodError'{0x00000000c2e407e0}: 'void java.lang.invoke.DirectMethodHandle$Holder.invokeStatic(java.lang.Object, long)'> (0x00000000c2e407e0) 
thrown [s\src\hotspot\share\interpreter\linkResolver.cpp, line 759]
Event: 53.263 Thread 0x000001d270600060 Exception <a 'java/lang/NoSuchMethodError'{0x00000000c2e45b88}: 'java.lang.Object java.lang.invoke.DirectMethodHandle$Holder.newInvokeSpecial(java.lang.Object, long)'> (0x00000000c2e45b88) 
thrown [s\src\hotspot\share\interpreter\linkResolver.cpp, line 759]

VM Operations (20 events):
Event: 3974.809 Executing VM operation: G1CollectFull done
Event: 3984.987 Executing VM operation: G1CollectFull
Event: 3985.007 Executing VM operation: G1CollectFull done
Event: 3995.217 Executing VM operation: G1CollectFull
Event: 3995.240 Executing VM operation: G1CollectFull done
Event: 4005.476 Executing VM operation: G1CollectFull
Event: 4005.497 Executing VM operation: G1CollectFull done
Event: 4015.709 Executing VM operation: G1CollectFull
Event: 4015.735 Executing VM operation: G1CollectFull done
Event: 4025.952 Executing VM operation: G1CollectFull
Event: 4025.973 Executing VM operation: G1CollectFull done
Event: 4036.176 Executing VM operation: G1CollectFull
Event: 4036.196 Executing VM operation: G1CollectFull done
Event: 4046.561 Executing VM operation: G1CollectFull
Event: 4046.580 Executing VM operation: G1CollectFull done
Event: 4056.806 Executing VM operation: G1CollectFull
Event: 4056.831 Executing VM operation: G1CollectFull done
Event: 4067.025 Executing VM operation: G1CollectFull
Event: 4067.050 Executing VM operation: G1CollectFull done
Event: 4077.122 Executing VM operation: G1CollectFull

Events (20 events):
Event: 14.389 loading class java/util/concurrent/atomic/AtomicLongFieldUpdater$CASUpdater done
Event: 14.390 loading class java/util/concurrent/atomic/AtomicLongFieldUpdater$CASUpdater$1
Event: 14.390 loading class java/util/concurrent/atomic/AtomicLongFieldUpdater$CASUpdater$1 done
Event: 14.394 Thread 0x000001d26ff95e40 Thread exited: 0x000001d26ff95e40
Event: 14.394 Thread 0x000001d26f21c310 Thread exited: 0x000001d26f21c310
Event: 14.395 Thread 0x000001d26f208e40 Thread exited: 0x000001d26f208e40
Event: 53.161 loading class java/lang/ProcessBuilder
Event: 53.162 loading class java/lang/ProcessBuilder done
Event: 53.163 loading class java/lang/ProcessImpl
Event: 53.164 loading class java/lang/ProcessImpl done
Event: 53.264 loading class java/lang/ProcessImpl$2
Event: 53.264 loading class java/lang/ProcessImpl$2 done
Event: 53.264 loading class java/lang/Process$PipeInputStream
Event: 53.265 loading class java/lang/Process$PipeInputStream done
Event: 53.266 loading class jdk/internal/event/ProcessStartEvent
Event: 53.267 loading class jdk/internal/event/ProcessStartEvent done
Event: 53.771 loading class java/io/FileOutputStream$1
Event: 53.772 loading class java/io/FileOutputStream$1 done
Event: 73.810 Thread 0x000001d2707a2e40 Thread exited: 0x000001d2707a2e40
Event: 75.141 Thread 0x000001d2707a51b0 Thread exited: 0x000001d2707a51b0


Dynamic libraries:
0x00007ff7ccf20000 - 0x00007ff7ccf2e000 	c:\Users\Usuario\.vscode\extensions\redhat.java-1.23.0-win32-x64\jre\17.0.8.1-win32-x86_64\bin\java.exe
0x00007ffa31af0000 - 0x00007ffa31d07000 	C:\WINDOWS\SYSTEM32\ntdll.dll
0x00007ffa0fdc0000 - 0x00007ffa0fdd9000 	C:\Program Files\Avast Software\Avast\aswhook.dll
0x00007ffa302f0000 - 0x00007ffa303b4000 	C:\WINDOWS\System32\KERNEL32.DLL
0x00007ffa2ee70000 - 0x00007ffa2f216000 	C:\WINDOWS\System32\KERNELBASE.dll
0x00007ffa2f330000 - 0x00007ffa2f441000 	C:\WINDOWS\System32\ucrtbase.dll
0x00007ffa282f0000 - 0x00007ffa28307000 	c:\Users\Usuario\.vscode\extensions\redhat.java-1.23.0-win32-x64\jre\17.0.8.1-win32-x86_64\bin\jli.dll
0x00007ffa282b0000 - 0x00007ffa282c9000 	c:\Users\Usuario\.vscode\extensions\redhat.java-1.23.0-win32-x64\jre\17.0.8.1-win32-x86_64\bin\VCRUNTIME140.dll
0x00007ffa30a00000 - 0x00007ffa30bad000 	C:\WINDOWS\System32\USER32.dll
0x00007ffa2f450000 - 0x00007ffa2f476000 	C:\WINDOWS\System32\win32u.dll
0x00007ffa14eb0000 - 0x00007ffa15143000 	C:\WINDOWS\WinSxS\amd64_microsoft.windows.common-controls_6595b64144ccf1df_6.0.22621.2361_none_2712ced57382f843\COMCTL32.dll
0x00007ffa306c0000 - 0x00007ffa306e9000 	C:\WINDOWS\System32\GDI32.dll
0x00007ffa2f870000 - 0x00007ffa2f917000 	C:\WINDOWS\System32\msvcrt.dll
0x00007ffa2f480000 - 0x00007ffa2f598000 	C:\WINDOWS\System32\gdi32full.dll
0x00007ffa2f220000 - 0x00007ffa2f2ba000 	C:\WINDOWS\System32\msvcp_win.dll
0x00007ffa2fdd0000 - 0x00007ffa2fe01000 	C:\WINDOWS\System32\IMM32.DLL
0x00007ffa22f10000 - 0x00007ffa22f1c000 	c:\Users\Usuario\.vscode\extensions\redhat.java-1.23.0-win32-x64\jre\17.0.8.1-win32-x86_64\bin\vcruntime140_1.dll
0x00007ff9ef670000 - 0x00007ff9ef701000 	c:\Users\Usuario\.vscode\extensions\redhat.java-1.23.0-win32-x64\jre\17.0.8.1-win32-x86_64\bin\msvcp140.dll
0x00007ff9aea10000 - 0x00007ff9af65c000 	c:\Users\Usuario\.vscode\extensions\redhat.java-1.23.0-win32-x64\jre\17.0.8.1-win32-x86_64\bin\server\jvm.dll
0x00007ffa30610000 - 0x00007ffa306c0000 	C:\WINDOWS\System32\ADVAPI32.dll
0x00007ffa2f920000 - 0x00007ffa2f9c6000 	C:\WINDOWS\System32\sechost.dll
0x00007ffa30c30000 - 0x00007ffa30d47000 	C:\WINDOWS\System32\RPCRT4.dll
0x00007ffa2ed40000 - 0x00007ffa2ed8d000 	C:\WINDOWS\SYSTEM32\POWRPROF.dll
0x00007ffa23430000 - 0x00007ffa23439000 	C:\WINDOWS\SYSTEM32\WSOCK32.dll
0x00007ffa2f9d0000 - 0x00007ffa2fa41000 	C:\WINDOWS\System32\WS2_32.dll
0x00007ffa27dd0000 - 0x00007ffa27e04000 	C:\WINDOWS\SYSTEM32\WINMM.dll
0x00007ffa26e90000 - 0x00007ffa26e9a000 	C:\WINDOWS\SYSTEM32\VERSION.dll
0x00007ffa2ed20000 - 0x00007ffa2ed33000 	C:\WINDOWS\SYSTEM32\UMPDC.dll
0x00007ffa2de10000 - 0x00007ffa2de28000 	C:\WINDOWS\SYSTEM32\kernel.appcore.dll
0x00007ffa22be0000 - 0x00007ffa22bea000 	c:\Users\Usuario\.vscode\extensions\redhat.java-1.23.0-win32-x64\jre\17.0.8.1-win32-x86_64\bin\jimage.dll
0x00007ffa2c9f0000 - 0x00007ffa2cc1e000 	C:\WINDOWS\SYSTEM32\DBGHELP.DLL
0x00007ffa2fe10000 - 0x00007ffa3019a000 	C:\WINDOWS\System32\combase.dll
0x00007ffa2fa50000 - 0x00007ffa2fb27000 	C:\WINDOWS\System32\OLEAUT32.dll
0x00007ffa26da0000 - 0x00007ffa26dd2000 	C:\WINDOWS\SYSTEM32\dbgcore.DLL
0x00007ffa2f710000 - 0x00007ffa2f78a000 	C:\WINDOWS\System32\bcryptPrimitives.dll
0x00007ff9ef640000 - 0x00007ff9ef665000 	c:\Users\Usuario\.vscode\extensions\redhat.java-1.23.0-win32-x64\jre\17.0.8.1-win32-x86_64\bin\java.dll
0x00007ff9ea5d0000 - 0x00007ff9ea5e8000 	c:\Users\Usuario\.vscode\extensions\redhat.java-1.23.0-win32-x64\jre\17.0.8.1-win32-x86_64\bin\zip.dll
0x00007ffa30d50000 - 0x00007ffa315a8000 	C:\WINDOWS\System32\SHELL32.dll
0x00007ffa2cd80000 - 0x00007ffa2d672000 	C:\WINDOWS\SYSTEM32\windows.storage.dll
0x00007ffa2cc40000 - 0x00007ffa2cd7e000 	C:\WINDOWS\SYSTEM32\wintypes.dll
0x00007ffa303c0000 - 0x00007ffa304b3000 	C:\WINDOWS\System32\SHCORE.dll
0x00007ffa301a0000 - 0x00007ffa301fe000 	C:\WINDOWS\System32\shlwapi.dll
0x00007ffa2eda0000 - 0x00007ffa2edc6000 	C:\WINDOWS\SYSTEM32\profapi.dll
0x00007ff9de040000 - 0x00007ff9de059000 	C:\Users\Usuario\.vscode\extensions\redhat.java-1.23.0-win32-x64\jre\17.0.8.1-win32-x86_64\bin\net.dll
0x00007ffa28020000 - 0x00007ffa28157000 	C:\WINDOWS\SYSTEM32\WINHTTP.dll
0x00007ffa2e2f0000 - 0x00007ffa2e359000 	C:\WINDOWS\system32\mswsock.dll
0x00007ff9bf0a0000 - 0x00007ff9bf0b5000 	C:\Users\Usuario\.vscode\extensions\redhat.java-1.23.0-win32-x64\jre\17.0.8.1-win32-x86_64\bin\nio.dll
0x00007ffa2e560000 - 0x00007ffa2e57b000 	C:\WINDOWS\SYSTEM32\CRYPTSP.dll
0x00007ffa2ddd0000 - 0x00007ffa2de05000 	C:\WINDOWS\system32\rsaenh.dll
0x00007ffa2e3c0000 - 0x00007ffa2e3ec000 	C:\WINDOWS\SYSTEM32\USERENV.dll
0x00007ffa2e740000 - 0x00007ffa2e768000 	C:\WINDOWS\SYSTEM32\bcrypt.dll
0x00007ffa2e580000 - 0x00007ffa2e58c000 	C:\WINDOWS\SYSTEM32\CRYPTBASE.dll
0x00007ffa2d8e0000 - 0x00007ffa2d90d000 	C:\WINDOWS\SYSTEM32\IPHLPAPI.DLL
0x00007ffa30270000 - 0x00007ffa30279000 	C:\WINDOWS\System32\NSI.dll
0x00007ffa282d0000 - 0x00007ffa282e9000 	C:\WINDOWS\SYSTEM32\dhcpcsvc6.DLL
0x00007ffa28000000 - 0x00007ffa2801f000 	C:\WINDOWS\SYSTEM32\dhcpcsvc.DLL
0x00007ffa2d950000 - 0x00007ffa2da49000 	C:\WINDOWS\SYSTEM32\DNSAPI.dll
0x00007ffa22b30000 - 0x00007ffa22b40000 	c:\Users\Usuario\.vscode\extensions\redhat.java-1.23.0-win32-x64\jre\17.0.8.1-win32-x86_64\bin\verify.dll
0x00007ffa261f0000 - 0x00007ffa261f9000 	C:\Users\Usuario\.vscode\extensions\redhat.java-1.23.0-win32-x64\jre\17.0.8.1-win32-x86_64\bin\management.dll
0x00007ffa261e0000 - 0x00007ffa261eb000 	C:\Users\Usuario\.vscode\extensions\redhat.java-1.23.0-win32-x64\jre\17.0.8.1-win32-x86_64\bin\management_ext.dll
0x00007ffa2f850000 - 0x00007ffa2f858000 	C:\WINDOWS\System32\PSAPI.DLL

dbghelp: loaded successfully - version: 4.0.5 - missing functions: none
symbol engine: initialized successfully - sym options: 0x614 - pdb path: .;c:\Users\Usuario\.vscode\extensions\redhat.java-1.23.0-win32-x64\jre\17.0.8.1-win32-x86_64\bin;C:\WINDOWS\SYSTEM32;C:\Program Files\Avast Software\Avast;C:\WINDOWS\WinSxS\amd64_microsoft.windows.common-controls_6595b64144ccf1df_6.0.22621.2361_none_2712ced57382f843;c:\Users\Usuario\.vscode\extensions\redhat.java-1.23.0-win32-x64\jre\17.0.8.1-win32-x86_64\bin\server

VM Arguments:
jvm_args: -XX:+HeapDumpOnOutOfMemoryError -Xmx1024m -Dsts.lsp.client=vscode -Dsts.log.file=/dev/null -XX:TieredStopAtLevel=1 -Xlog:jni+resolve=off -Dspring.config.location=file:c:\Users\Usuario\.vscode\extensions\vmware.vscode-spring-boot-1.49.0\language-server\BOOT-INF\classes\application.properties 
java_command: org.springframework.ide.vscode.boot.app.BootLanguageServerBootApp
java_class_path (initial): c:\Users\Usuario\.vscode\extensions\vmware.vscode-spring-boot-1.49.0\language-server\BOOT-INF\classes;c:\Users\Usuario\.vscode\extensions\vmware.vscode-spring-boot-1.49.0\language-server\BOOT-INF\lib\annotations-24.0.1.jar;c:\Users\Usuario\.vscode\extensions\vmware.vscode-spring-boot-1.49.0\language-server\BOOT-INF\lib\antlr-runtime-3.5.3.jar;c:\Users\Usuario\.vscode\extensions\vmware.vscode-spring-boot-1.49.0\language-server\BOOT-INF\lib\antlr4-4.11.1.jar;c:\Users\Usuario\.vscode\extensions\vmware.vscode-spring-boot-1.49.0\language-server\BOOT-INF\lib\antlr4-runtime-4.11.1.jar;c:\Users\Usuario\.vscode\extensions\vmware.vscode-spring-boot-1.49.0\language-server\BOOT-INF\lib\archunit-1.1.0.jar;c:\Users\Usuario\.vscode\extensions\vmware.vscode-spring-boot-1.49.0\language-server\BOOT-INF\lib\asm-9.5.jar;c:\Users\Usuario\.vscode\extensions\vmware.vscode-spring-boot-1.49.0\language-server\BOOT-INF\lib\asm-analysis-9.5.jar;c:\Users\Usuario\.vscode\extensions\vmware.vscode-spring-boot-1.49.0\language-server\BOOT-INF\lib\asm-tree-9.5.jar;c:\Users\Usuario\.vscode\extensions\vmware.vscode-spring-boot-1.49.0\language-server\BOOT-INF\lib\asm-util-9.5.jar;c:\Users\Usuario\.vscode\extensions\vmware.vscode-spring-boot-1.49.0\language-server\BOOT-INF\lib\bosh-language-server-1.49.0-SNAPSHOT.jar;c:\Users\Usuario\.vscode\extensions\vmware.vscode-spring-boot-1.49.0\language-server\BOOT-INF\lib\caffeine-3.1.6.jar;c:\Users\Usuario\.vscode\extensions\vmware.vscode-spring-boot-1.49.0\language-server\BOOT-INF\lib\checker-qual-3.12.0.jar;c:\Users\Usuario\.vscode\extensions\vmware.vscode-spring-boot-1.49.0\language-server\BOOT-INF\lib\classgraph-4.8.149.jar;c:\Users\Usuario\.vscode\extensions\vmware.vscode-spring-boot-1.49.0\language-server\BOOT-INF\lib\commons-codec-1.15.jar;c:\Users\Usuario\.vscode\extensions\vmware.vscode-spring-boot-1.49.0\language-server\BOOT-INF\lib\commons-compress-1.23.0.jar;c:\Users\Usuario\.vscode\extensions\vmware.vscode-spring-boot-1.
Launcher Type: SUN_STANDARD

[Global flags]
     intx CICompilerCount                          = 4                                         {product} {ergonomic}
     uint ConcGCThreads                            = 2                                         {product} {ergonomic}
     uint G1ConcRefinementThreads                  = 8                                         {product} {ergonomic}
   size_t G1HeapRegionSize                         = 1048576                                   {product} {ergonomic}
    uintx GCDrainStackTargetSize                   = 64                                        {product} {ergonomic}
     bool HeapDumpOnOutOfMemoryError               = true                                   {manageable} {command line}
   size_t InitialHeapSize                          = 134217728                                 {product} {ergonomic}
   size_t MarkStackSize                            = 4194304                                   {product} {ergonomic}
   size_t MaxHeapSize                              = 1073741824                                {product} {command line}
   size_t MaxNewSize                               = 643825664                                 {product} {ergonomic}
   size_t MinHeapDeltaBytes                        = 1048576                                   {product} {ergonomic}
   size_t MinHeapSize                              = 8388608                                   {product} {ergonomic}
    uintx NonProfiledCodeHeapSize                  = 0                                      {pd product} {ergonomic}
     bool ProfileInterpreter                       = false                                  {pd product} {command line}
    uintx ProfiledCodeHeapSize                     = 0                                      {pd product} {ergonomic}
   size_t SoftMaxHeapSize                          = 1073741824                             {manageable} {ergonomic}
     intx TieredStopAtLevel                        = 1                                         {product} {command line}
     bool UseCompressedClassPointers               = true                           {product lp64_product} {ergonomic}
     bool UseCompressedOops                        = true                           {product lp64_product} {ergonomic}
     bool UseG1GC                                  = true                                      {product} {ergonomic}
     bool UseLargePagesIndividualAllocation        = false                                  {pd product} {ergonomic}

Logging:
Log output configuration:
 #0: stdout all=warning,jni+resolve=off uptime,level,tags
 #1: stderr all=off uptime,level,tags

Environment Variables:
JAVA_HOME=C:\Program Files\Java\jdk-17
PATH=C:\Program Files\Java\jdk-17\bin;C:\Program Files\Java\apache-maven-3.9.5\bin;C:\Program Files\Common Files\Oracle\Java\javapath;C:\Program Files (x86)\Common Files\Oracle\Java\javapath;C:\ProgramData\Oracle\Java\javapath;C:\Program Files\Microsoft\jdk-11.0.12.7-hotspot\bin;C:\WINDOWS\system32;C:\WINDOWS;C:\WINDOWS\System32\Wbem;C:\WINDOWS\System32\WindowsPowerShell\v1.0\;C:\WINDOWS\System32\OpenSSH\;C:\ProgramData\chocolatey\bin;C:\Program Files\Microsoft SQL Server\150\Tools\Binn\;C:\Program Files\Apache Software Foundation\Tomcat 9.0\bin;C:\Program Files\Microsoft SQL Server\Client SDK\ODBC\170\Tools\Binn\;C:\Program Files\dotnet\;C:\Program Files\Git\cmd;C:\WINDOWS\system32;C:\WINDOWS;C:\WINDOWS\System32\Wbem;C:\WINDOWS\System32\WindowsPowerShell\v1.0\;C:\WINDOWS\System32\OpenSSH\;C:\Program Files\nodejs\;C:\apache-tomcat-9.0.62\bin;C:\Program Files\Java\apache-maven-3.8.2\bin;C:\Program Files\Java\jdk1.8.0_361\bin;C:\Program Files\Java\jre1.8.0_361\bin;C:\Program Files\PostgreSQL\15\bin;C:\Users\Usuario\AppData\Local\Programs\Python\Python312;C:\Users\Usuario\AppData\Local\Programs\Python\Python312\Scripts\;C:\Users\Usuario\AppData\Local\Programs\Python\Python312\;C:\Users\Usuario\AppData\Local\Microsoft\WindowsApps;C:\Users\Usuario\AppData\Local\Programs\Microsoft VS Code\bin;C:\Users\Usuario\.dotnet\tools;C:\Users\Usuario\AppData\Local\GitHubDesktop\bin;C:\Users\Usuario\AppData\Roaming\npm
USERNAME=Usuario
OS=Windows_NT
PROCESSOR_IDENTIFIER=Intel64 Family 6 Model 142 Stepping 12, GenuineIntel
TMP=C:\Users\Usuario\AppData\Local\Temp
TEMP=C:\Users\Usuario\AppData\Local\Temp



---------------  S Y S T E M  ---------------

OS:
 Windows 11 , 64 bit Build 22621 (10.0.22621.2428)
OS uptime: 0 days 14:21 hours
Hyper-V role detected

CPU: total 8 (initial active 8) (4 cores per cpu, 2 threads per core) family 6 model 142 stepping 12 microcode 0xea, cx8, cmov, fxsr, ht, mmx, 3dnowpref, sse, sse2, sse3, ssse3, sse4.1, sse4.2, popcnt, lzcnt, tsc, tscinvbit, avx, avx2, aes, erms, clmul, bmi1, bmi2, adx, fma, vzeroupper, clflush, clflushopt, hv
Processor Information for all 8 processors :
  Max Mhz: 1992, Current Mhz: 1792, Mhz Limit: 1792

Memory: 4k page, system-wide physical 8072M (447M free)
TotalPageFile size 32648M (AvailPageFile size 4M)
current process WorkingSet (physical memory assigned to process): 43M, peak: 159M
current process commit charge ("private bytes"): 192M, peak: 233M

vm_info: OpenJDK 64-Bit Server VM (17.0.8.1+1) for windows-amd64 JRE (17.0.8.1+1), built on Aug 23 2023 15:29:17 by "admin" with MS VC++ 16.7 (VS2019)

END.
